<?xml version="1.0" encoding="UTF-8"?>
<testsuite xmlns:xsi="http://www.w3.org/2001/XMLSchema-instance" xsi:noNamespaceSchemaLocation="https://maven.apache.org/surefire/maven-surefire-plugin/xsd/surefire-test-report.xsd" name="org.quarkus.samples.petclinic.OwnersResourceTest" time="10.797" tests="4" errors="0" skipped="0" failures="0">
  <properties>
[...]
</properties>
  <testcase name="existingOwner" classname="org.quarkus.samples.petclinic.OwnersResourceTest" time="1.095"/>
  <testcase name="findAll" classname="org.quarkus.samples.petclinic.OwnersResourceTest" time="0.096"/>
  <testcase name="findPage" classname="org.quarkus.samples.petclinic.OwnersResourceTest" time="0.016"/>
  <testcase name="invalidOwner" classname="org.quarkus.samples.petclinic.OwnersResourceTest" time="0.029"/>
</testsuite>